<?xml version="1.0" encoding="UTF-8"?>
<!-- Generated by org.testng.reporters.JUnitReportReporter -->
<testsuite skipped="4" hostname="SIL-WIN-6" name="com.ot.testcases.TC_02_OT_LoginPage" tests="5" failures="0" timestamp="25 Mar 2021 08:06:45 GMT" time="0.000" errors="1">
  <testcase name="createDriver" time="0.000" classname="com.ot.testcases.TC_02_OT_LoginPage">
    <error type="org.testng.TestNGException" message="
Parameter &#039;browser&#039; is required by BeforeClass on method createDriver but has not been marked @Optional or defined
in C:\Users\win6\AppData\Local\Temp\testng-eclipse-1510093405\testng-customsuite.xml">
      <![CDATA[org.testng.TestNGException: 
Parameter 'browser' is required by BeforeClass on method createDriver but has not been marked @Optional or defined
in C:\Users\win6\AppData\Local\Temp\testng-eclipse-1510093405\testng-customsuite.xml
	at org.testng.internal.Parameters.createParameters(Parameters.java:199)
	at org.testng.internal.Parameters.createParameters(Parameters.java:443)
	at org.testng.internal.Parameters.createConfigurationParameters(Parameters.java:118)
	at org.testng.internal.Invoker.invokeConfigurations(Invoker.java:206)
	at org.testng.internal.Invoker.invokeConfigurations(Invoker.java:146)
	at org.testng.internal.TestMethodWorker.invokeBeforeClassMethods(TestMethodWorker.java:166)
	at org.testng.internal.TestMethodWorker.run(TestMethodWorker.java:105)
	at org.testng.TestRunner.privateRun(TestRunner.java:744)
	at org.testng.TestRunner.run(TestRunner.java:602)
	at org.testng.SuiteRunner.runTest(SuiteRunner.java:380)
	at org.testng.SuiteRunner.runSequentially(SuiteRunner.java:375)
	at org.testng.SuiteRunner.privateRun(SuiteRunner.java:340)
	at org.testng.SuiteRunner.run(SuiteRunner.java:289)
	at org.testng.SuiteRunnerWorker.runSuite(SuiteRunnerWorker.java:52)
	at org.testng.SuiteRunnerWorker.run(SuiteRunnerWorker.java:86)
	at org.testng.TestNG.runSuitesSequentially(TestNG.java:1301)
	at org.testng.TestNG.runSuitesLocally(TestNG.java:1226)
	at org.testng.TestNG.runSuites(TestNG.java:1144)
	at org.testng.TestNG.run(TestNG.java:1115)
	at org.testng.remote.AbstractRemoteTestNG.run(AbstractRemoteTestNG.java:115)
	at org.testng.remote.RemoteTestNG.initAndRun(RemoteTestNG.java:251)
	at org.testng.remote.RemoteTestNG.main(RemoteTestNG.java:77)
]]>
    </error>
  </testcase> <!-- createDriver -->
  <testcase name="TC_Verify_Login_With_Valid_Email_Valid_Password_Untied_Account" time="0.000" classname="com.ot.testcases.TC_02_OT_LoginPage">
    <skipped/>
  </testcase> <!-- TC_Verify_Login_With_Valid_Email_Valid_Password_Untied_Account -->
  <testcase name="TC_Verify_Login_With_Blank_Email_Blank_Password" classname="com.ot.testcases.TC_02_OT_LoginPage">
    <skipped/>
  </testcase> <!-- TC_Verify_Login_With_Blank_Email_Blank_Password -->
  <testcase name="TC_Verify_Login_With_Valid_Email_INValid_Password" classname="com.ot.testcases.TC_02_OT_LoginPage">
    <skipped/>
  </testcase> <!-- TC_Verify_Login_With_Valid_Email_INValid_Password -->
  <testcase name="TC_Verify_Login_With_Valid_Email_Valid_Password_Tied_Account" classname="com.ot.testcases.TC_02_OT_LoginPage">
    <skipped/>
  </testcase> <!-- TC_Verify_Login_With_Valid_Email_Valid_Password_Tied_Account -->
</testsuite> <!-- com.ot.testcases.TC_02_OT_LoginPage -->
