<?xml version="1.0" encoding="UTF-8"?>
<!-- Generated by org.testng.reporters.JUnitReportReporter -->
<testsuite skipped="1" hostname="SIL-WIN-6" name="com.nfm.testcases.TC_06_NFM_Place_Order" tests="4" failures="1" timestamp="28 May 2020 12:33:44 GMT" time="156.994" errors="0">
  <testcase name="intialization" time="17.353" classname="com.nfm.testcases.TC_06_NFM_Place_Order"/>
  <testcase name="TC_Login_PDP_Checkout_Page" time="96.834" classname="com.nfm.testcases.TC_06_NFM_Place_Order"/>
  <testcase name="TC_Checkout_Place_Order" time="42.807" classname="com.nfm.testcases.TC_06_NFM_Place_Order">
    <failure type="java.lang.AssertionError" message="expected [25] but found [[[[ChromeDriver: chrome on WINDOWS (7914c168deb9d555c5d56e8f25780ee4)] -&gt; xpath: //td[@class=&#039;day&#039;]], [[ChromeDriver: chrome on WINDOWS (7914c168deb9d555c5d56e8f25780ee4)] -&gt; xpath: //td[@class=&#039;day&#039;]], [[ChromeDriver: chrome on WINDOWS (7914c168deb9d555c5d56e8f25780ee4)] -&gt; xpath: //td[@class=&#039;day&#039;]], [[ChromeDriver: chrome on WINDOWS (7914c168deb9d555c5d56e8f25780ee4)] -&gt; xpath: //td[@class=&#039;day&#039;]]]]">
      <![CDATA[java.lang.AssertionError: expected [25] but found [[[[ChromeDriver: chrome on WINDOWS (7914c168deb9d555c5d56e8f25780ee4)] -> xpath: //td[@class='day']], [[ChromeDriver: chrome on WINDOWS (7914c168deb9d555c5d56e8f25780ee4)] -> xpath: //td[@class='day']], [[ChromeDriver: chrome on WINDOWS (7914c168deb9d555c5d56e8f25780ee4)] -> xpath: //td[@class='day']], [[ChromeDriver: chrome on WINDOWS (7914c168deb9d555c5d56e8f25780ee4)] -> xpath: //td[@class='day']]]]
	at org.testng.Assert.fail(Assert.java:93)
	at org.testng.Assert.failNotEquals(Assert.java:512)
	at org.testng.Assert.assertEqualsImpl(Assert.java:134)
	at org.testng.Assert.assertEquals(Assert.java:115)
	at org.testng.Assert.assertEquals(Assert.java:178)
	at com.nfm.pages_elements.NFM_Checkout_Page_Elements_Methods.select_delivery_date(NFM_Checkout_Page_Elements_Methods.java:87)
	at com.nfm.testcases.TC_06_NFM_Place_Order.TC_Checkout_Place_Order(TC_06_NFM_Place_Order.java:52)
	at sun.reflect.NativeMethodAccessorImpl.invoke0(Native Method)
	at sun.reflect.NativeMethodAccessorImpl.invoke(Unknown Source)
	at sun.reflect.DelegatingMethodAccessorImpl.invoke(Unknown Source)
	at java.lang.reflect.Method.invoke(Unknown Source)
	at org.testng.internal.MethodInvocationHelper.invokeMethod(MethodInvocationHelper.java:108)
	at org.testng.internal.Invoker.invokeMethod(Invoker.java:661)
	at org.testng.internal.Invoker.invokeTestMethod(Invoker.java:869)
	at org.testng.internal.Invoker.invokeTestMethods(Invoker.java:1193)
	at org.testng.internal.TestMethodWorker.invokeTestMethods(TestMethodWorker.java:126)
	at org.testng.internal.TestMethodWorker.run(TestMethodWorker.java:109)
	at org.testng.TestRunner.privateRun(TestRunner.java:744)
	at org.testng.TestRunner.run(TestRunner.java:602)
	at org.testng.SuiteRunner.runTest(SuiteRunner.java:380)
	at org.testng.SuiteRunner.runSequentially(SuiteRunner.java:375)
	at org.testng.SuiteRunner.privateRun(SuiteRunner.java:340)
	at org.testng.SuiteRunner.run(SuiteRunner.java:289)
	at org.testng.SuiteRunnerWorker.runSuite(SuiteRunnerWorker.java:52)
	at org.testng.SuiteRunnerWorker.run(SuiteRunnerWorker.java:86)
	at org.testng.TestNG.runSuitesSequentially(TestNG.java:1301)
	at org.testng.TestNG.runSuitesLocally(TestNG.java:1226)
	at org.testng.TestNG.runSuites(TestNG.java:1144)
	at org.testng.TestNG.run(TestNG.java:1115)
	at org.testng.remote.AbstractRemoteTestNG.run(AbstractRemoteTestNG.java:115)
	at org.testng.remote.RemoteTestNG.initAndRun(RemoteTestNG.java:251)
	at org.testng.remote.RemoteTestNG.main(RemoteTestNG.java:77)
]]>
    </failure>
  </testcase> <!-- TC_Checkout_Place_Order -->
  <testcase name="closebrowser" classname="com.nfm.testcases.TC_06_NFM_Place_Order">
    <skipped/>
  </testcase> <!-- closebrowser -->
</testsuite> <!-- com.nfm.testcases.TC_06_NFM_Place_Order -->
